<?xml version="1.0" encoding="UTF-8"?>
<!-- Generated by org.testng.reporters.JUnitReportReporter -->
<testsuite hostname="Mohanltop" failures="0" tests="1" name="org.restapi.restapitesting.DataProvdr" time="4.500" errors="0" timestamp="2023-07-31T17:14:24 IST" skipped="0">
  <testcase classname="org.restapi.restapitesting.DataProvdr" name="showData" time="4.500"/>
  <system-out/>
</testsuite> <!-- org.restapi.restapitesting.DataProvdr -->
