<?xml version="1.0" encoding="UTF-8"?>
<!-- Generated by org.testng.reporters.JUnitReportReporter -->
<testsuite hostname="Mohanltop" failures="0" tests="1" name="org.restapi.restapitesting.AllureTest1" time="0.062" errors="0" timestamp="2023-07-29T14:48:32 IST" skipped="0">
  <testcase classname="org.restapi.restapitesting.AllureTest1" name="testMethod1" time="0.062"/>
  <system-out/>
</testsuite> <!-- org.restapi.restapitesting.AllureTest1 -->
