<?xml version="1.0" encoding="UTF-8"?>
<!-- Generated by org.testng.reporters.JUnitReportReporter -->
<testsuite hostname="Mohanltop" failures="0" tests="1" name="org.restapi.restapitesting.JSONPractice" time="3.733" errors="0" timestamp="2023-06-19T22:53:56 IST" skipped="0">
  <testcase classname="org.restapi.restapitesting.JSONPractice" name="get" time="3.733"/>
  <system-out/>
</testsuite> <!-- org.restapi.restapitesting.JSONPractice -->
