<?xml version="1.0" encoding="UTF-8"?>
<!-- Generated by org.testng.reporters.JUnitReportReporter -->
<testsuite hostname="Mohanltop" failures="0" tests="1" name="org.restapi.restapitesting.APITestingDemo" time="2.334" errors="0" timestamp="2023-05-26T15:58:54 IST" skipped="0">
  <testcase classname="org.restapi.restapitesting.APITestingDemo" name="get" time="2.334"/>
  <system-out/>
</testsuite> <!-- org.restapi.restapitesting.APITestingDemo -->
