<?xml version="1.0" encoding="UTF-8"?>
<!-- Generated by org.testng.reporters.JUnitReportReporter -->
<testsuite hostname="Mohanltop" failures="0" tests="1" name="org.restapi.restapitesting.JSonReader" time="2.265" errors="0" timestamp="2023-04-05T16:14:35 IST" skipped="0">
  <testcase classname="org.restapi.restapitesting.JSonReader" name="readJson" time="2.265"/>
  <system-out/>
</testsuite> <!-- org.restapi.restapitesting.JSonReader -->
