<?xml version="1.0" encoding="UTF-8"?>
<!-- Generated by org.testng.reporters.JUnitReportReporter -->
<testsuite hostname="Mohanltop" failures="0" tests="1" name="org.restapi.restapitesting.APITesting" time="2.000" errors="0" timestamp="2023-03-30T16:49:41 IST" skipped="0">
  <testcase classname="org.restapi.restapitesting.APITesting" name="delete" time="2.000"/>
  <system-out/>
</testsuite> <!-- org.restapi.restapitesting.APITesting -->
