<?xml version="1.0" encoding="UTF-8"?>
<!-- Generated by org.testng.reporters.JUnitReportReporter -->
<testsuite hostname="Mohanltop" failures="0" tests="1" name="org.restapi.restapitesting.RestAssuredAPITest" time="0.008" errors="0" timestamp="2023-04-04T19:53:22 IST" skipped="0">
  <testcase classname="org.restapi.restapitesting.RestAssuredAPITest" name="getRequest" time="0.008"/>
  <system-out/>
</testsuite> <!-- org.restapi.restapitesting.RestAssuredAPITest -->
