<?xml version="1.0" encoding="UTF-8"?>
<!-- Generated by org.testng.reporters.JUnitReportReporter -->
<testsuite hostname="Mohanltop" failures="0" tests="1" name="org.restapi.restapitesting.AllureTest2" time="0.002" errors="0" timestamp="2023-07-29T14:48:32 IST" skipped="0">
  <testcase classname="org.restapi.restapitesting.AllureTest2" name="testMethod2" time="0.002"/>
  <system-out/>
</testsuite> <!-- org.restapi.restapitesting.AllureTest2 -->
